<?xml version="1.0" encoding="UTF-8"?>
<!-- Generated by org.testng.reporters.JUnitXMLReporter -->
<testsuite ignored="0" hostname="ROJA" failures="1" tests="3" name="End To End Test" time="60.625" errors="0" timestamp="2025-01-26T13:20:21 IST">
  <testcase classname="Tests.TestPositiveandNegative" name="FillForm_ErrorValidation" time="9.439">
    <failure type="java.lang.AssertionError" message="expected:&amp;lt;Please enter your name&amp;gt; but was:&amp;lt;Please your name&amp;gt;">
      <![CDATA[java.lang.AssertionError: expected:<Please enter your name> but was:<Please your name>
at Tests.TestPositiveandNegative.FillForm_ErrorValidation(TestPositiveandNegative.java:51)
at java.base/java.util.ArrayList.forEach(ArrayList.java:1596)
... Removed 27 stack frames]]>
    </failure>
  </testcase> <!-- FillForm_ErrorValidation -->
  <testcase classname="Tests.TestPositiveandNegative" name="FillForm_PositiveFlow" time="13.215"/>
  <testcase classname="Tests.eCommerce_sumOfProducts" name="SumofProductsInCart" time="21.05"/>
</testsuite> <!-- End To End Test -->
